[debug] [2023-04-07T06:00:25.765Z] ----------------------------------------------------------------------
[debug] [2023-04-07T06:00:25.767Z] Command:       C:\Program Files\nodejs\node.exe C:\Users\abhin\AppData\Roaming\npm\node_modules\firebase-tools\lib\bin\firebase.js init
[debug] [2023-04-07T06:00:25.768Z] CLI Version:   11.25.3
[debug] [2023-04-07T06:00:25.768Z] Platform:      win32
[debug] [2023-04-07T06:00:25.768Z] Node Version:  v19.8.1
[debug] [2023-04-07T06:00:25.768Z] Time:          Fri Apr 07 2023 11:30:25 GMT+0530 (India Standard Time)
[debug] [2023-04-07T06:00:25.768Z] ----------------------------------------------------------------------
[debug] 
[debug] [2023-04-07T06:00:25.844Z] > command requires scopes: ["email","openid","https://www.googleapis.com/auth/cloudplatformprojects.readonly","https://www.googleapis.com/auth/firebase","https://www.googleapis.com/auth/cloud-platform"]
[debug] [2023-04-07T06:00:25.845Z] > authorizing via signed-in user (kashyap06abhinav@gmail.com)
[info] 
     ######## #### ########  ######## ########     ###     ######  ########
     ##        ##  ##     ## ##       ##     ##  ##   ##  ##       ##
     ######    ##  ########  ######   ########  #########  ######  ######
     ##        ##  ##    ##  ##       ##     ## ##     ##       ## ##
     ##       #### ##     ## ######## ########  ##     ##  ######  ########

You're about to initialize a Firebase project in this directory:

  C:\Users\abhin\OneDrive\Desktop\Been talking\Notification

Before we get started, keep in mind:

  * You are initializing within an existing Firebase project directory

[info] 
=== Project Setup
[info] 
[info] First, let's associate this project directory with a Firebase project.
[info] You can create multiple project aliases by running firebase use --add, 
[info] but for now we'll just set up a default project.
[info] 
[debug] [2023-04-07T06:00:35.499Z] Using project from CLI flag: been-talking
[debug] [2023-04-07T06:00:35.502Z] >>> [apiv2][query] GET https://firebase.googleapis.com/v1beta1/projects/been-talking [none]
[debug] [2023-04-07T06:00:36.635Z] <<< [apiv2][status] GET https://firebase.googleapis.com/v1beta1/projects/been-talking 200
[debug] [2023-04-07T06:00:36.635Z] <<< [apiv2][body] GET https://firebase.googleapis.com/v1beta1/projects/been-talking {"projectId":"been-talking","projectNumber":"958675329663","displayName":"Been Talking ","name":"projects/been-talking","resources":{"hostingSite":"been-talking","realtimeDatabaseInstance":"been-talking-default-rtdb","storageBucket":"been-talking.appspot.com","locationId":"us-central"},"state":"ACTIVE","etag":"1_39ae4b1b-3233-4d3c-a26f-09b5c9b481f3"}
[info] i  Using project been-talking (Been Talking ) 
[info] 
=== Functions Setup
[debug] [2023-04-07T06:00:36.645Z] > command requires scopes: ["email","openid","https://www.googleapis.com/auth/cloudplatformprojects.readonly","https://www.googleapis.com/auth/firebase","https://www.googleapis.com/auth/cloud-platform"]
[debug] [2023-04-07T06:00:36.646Z] > authorizing via signed-in user (kashyap06abhinav@gmail.com)
[debug] [2023-04-07T06:00:36.646Z] [iam] checking project been-talking for permissions ["firebase.projects.get"]
[debug] [2023-04-07T06:00:36.647Z] >>> [apiv2][query] POST https://cloudresourcemanager.googleapis.com/v1/projects/been-talking:testIamPermissions [none]
[debug] [2023-04-07T06:00:36.647Z] >>> [apiv2][(partial)header] POST https://cloudresourcemanager.googleapis.com/v1/projects/been-talking:testIamPermissions x-goog-quota-user=projects/been-talking
[debug] [2023-04-07T06:00:36.647Z] >>> [apiv2][body] POST https://cloudresourcemanager.googleapis.com/v1/projects/been-talking:testIamPermissions {"permissions":["firebase.projects.get"]}
[debug] [2023-04-07T06:00:38.367Z] <<< [apiv2][status] POST https://cloudresourcemanager.googleapis.com/v1/projects/been-talking:testIamPermissions 200
[debug] [2023-04-07T06:00:38.367Z] <<< [apiv2][body] POST https://cloudresourcemanager.googleapis.com/v1/projects/been-talking:testIamPermissions {"permissions":["firebase.projects.get"]}
[debug] [2023-04-07T06:00:38.368Z] >>> [apiv2][query] GET https://serviceusage.googleapis.com/v1/projects/been-talking/services/cloudfunctions.googleapis.com [none]
[debug] [2023-04-07T06:00:38.368Z] >>> [apiv2][(partial)header] GET https://serviceusage.googleapis.com/v1/projects/been-talking/services/cloudfunctions.googleapis.com x-goog-quota-user=projects/been-talking
[debug] [2023-04-07T06:00:38.370Z] >>> [apiv2][query] GET https://serviceusage.googleapis.com/v1/projects/been-talking/services/runtimeconfig.googleapis.com [none]
[debug] [2023-04-07T06:00:38.370Z] >>> [apiv2][(partial)header] GET https://serviceusage.googleapis.com/v1/projects/been-talking/services/runtimeconfig.googleapis.com x-goog-quota-user=projects/been-talking
[debug] [2023-04-07T06:00:40.825Z] <<< [apiv2][status] GET https://serviceusage.googleapis.com/v1/projects/been-talking/services/runtimeconfig.googleapis.com 200
[debug] [2023-04-07T06:00:40.825Z] <<< [apiv2][body] GET https://serviceusage.googleapis.com/v1/projects/been-talking/services/runtimeconfig.googleapis.com [omitted]
[debug] [2023-04-07T06:00:40.826Z] <<< [apiv2][status] GET https://serviceusage.googleapis.com/v1/projects/been-talking/services/cloudfunctions.googleapis.com 200
[debug] [2023-04-07T06:00:40.826Z] <<< [apiv2][body] GET https://serviceusage.googleapis.com/v1/projects/been-talking/services/cloudfunctions.googleapis.com [omitted]
[info] 
Detected existing codebase(s): default

[info] Let's create a new codebase for your functions.
[info] A directory corresponding to the codebase will be created in your project
[info] with sample code pre-configured.

[info] See https://firebase.google.com/docs/functions/organize-functions for
[info] more information on organizing your functions using codebases.

[info] Functions can be deployed with firebase deploy.

